<?xml version="1.0" encoding="UTF-8"?>
<!-- Generated by org.testng.reporters.JUnitXMLReporter -->
<testsuite hostname="LAPTOP-LE02I758" ignored="0" name="Retrylogic Implementation Test" tests="5" failures="1" timestamp="13 Sep 2019 14:44:28 GMT" time="77.16" errors="0">
  <testcase name="validatePageTitle" time="0.045" classname="com.testNGLearning.test.ValidateRetryLogicAtRun">
    <skipped/>
  </testcase> <!-- validatePageTitle -->
  <testcase name="validatePageTitle" time="0.02" classname="com.testNGLearning.test.ValidateRetryLogicAtRun">
    <skipped/>
  </testcase> <!-- validatePageTitle -->
  <testcase name="validatePageTitle" time="0.066" classname="com.testNGLearning.test.ValidateRetryLogicAtRun">
    <skipped/>
  </testcase> <!-- validatePageTitle -->
  <testcase name="validatePageTitle" time="0.029" classname="com.testNGLearning.test.ValidateRetryLogicAtRun">
    <skipped/>
  </testcase> <!-- validatePageTitle -->
  <testcase name="validatePageTitle" time="0.033" classname="com.testNGLearning.test.ValidateRetryLogicAtRun">
    <failure type="junit.framework.ComparisonFailure" message="expected:&amp;lt;...123&amp;gt; but was:&amp;lt;...&amp;gt;">
      <![CDATA[junit.framework.ComparisonFailure: expected:<...123> but was:<...>
at junit.framework.Assert.assertEquals(Assert.java:81)
at junit.framework.Assert.assertEquals(Assert.java:87)
at com.testNGLearning.test.ValidateRetryLogicAtRun.validatePageTitle(ValidateRetryLogicAtRun.java:34)
... Removed 25 stack frames]]>
    </failure>
  </testcase> <!-- validatePageTitle -->
</testsuite> <!-- Retrylogic Implementation Test -->
